{"/Users/esteban/Documents/projects/freight-delay-notification/src/traffic-conditions.ts": {"path":"/Users/esteban/Documents/projects/freight-delay-notification/src/traffic-conditions.ts","statementMap":{"0":{"start":{"line":7,"column":0},"end":{"line":7,"column":7}},"1":{"start":{"line":1,"column":0},"end":{"line":1,"column":73}},"2":{"start":{"line":10,"column":17},"end":{"line":10,"column":48}},"3":{"start":{"line":12,"column":2},"end":{"line":14,"column":3}},"4":{"start":{"line":13,"column":4},"end":{"line":13,"column":75}},"5":{"start":{"line":16,"column":17},"end":{"line":16,"column":31}},"6":{"start":{"line":18,"column":2},"end":{"line":61,"column":3}},"7":{"start":{"line":19,"column":21},"end":{"line":27,"column":6}},"8":{"start":{"line":29,"column":4},"end":{"line":31,"column":5}},"9":{"start":{"line":30,"column":6},"end":{"line":30,"column":72}},"10":{"start":{"line":33,"column":4},"end":{"line":35,"column":5}},"11":{"start":{"line":34,"column":6},"end":{"line":34,"column":78}},"12":{"start":{"line":37,"column":23},"end":{"line":37,"column":46}},"13":{"start":{"line":38,"column":16},"end":{"line":38,"column":34}},"14":{"start":{"line":41,"column":30},"end":{"line":41,"column":82}},"15":{"start":{"line":42,"column":35},"end":{"line":42,"column":53}},"16":{"start":{"line":43,"column":27},"end":{"line":43,"column":69}},"17":{"start":{"line":44,"column":27},"end":{"line":44,"column":58}},"18":{"start":{"line":46,"column":49},"end":{"line":53,"column":6}},"19":{"start":{"line":55,"column":4},"end":{"line":55,"column":29}},"20":{"start":{"line":57,"column":4},"end":{"line":59,"column":5}},"21":{"start":{"line":58,"column":6},"end":{"line":58,"column":78}},"22":{"start":{"line":60,"column":4},"end":{"line":60,"column":16}}},"fnMap":{"0":{"name":"checkTrafficConditions","decl":{"start":{"line":7,"column":22},"end":{"line":7,"column":44}},"loc":{"start":{"line":8,"column":22},"end":{"line":62,"column":1}}}},"branchMap":{"0":{"loc":{"start":{"line":12,"column":2},"end":{"line":14,"column":3}},"type":"if","locations":[{"start":{"line":12,"column":2},"end":{"line":14,"column":3}}]},"1":{"loc":{"start":{"line":29,"column":4},"end":{"line":31,"column":5}},"type":"if","locations":[{"start":{"line":29,"column":4},"end":{"line":31,"column":5}}]},"2":{"loc":{"start":{"line":33,"column":4},"end":{"line":35,"column":5}},"type":"if","locations":[{"start":{"line":33,"column":4},"end":{"line":35,"column":5}}]},"3":{"loc":{"start":{"line":41,"column":30},"end":{"line":41,"column":82}},"type":"binary-expr","locations":[{"start":{"line":41,"column":30},"end":{"line":41,"column":60}},{"start":{"line":41,"column":64},"end":{"line":41,"column":82}}]},"4":{"loc":{"start":{"line":57,"column":4},"end":{"line":59,"column":5}},"type":"if","locations":[{"start":{"line":57,"column":4},"end":{"line":59,"column":5}}]}},"s":{"0":1,"1":1,"2":8,"3":8,"4":1,"5":7,"6":7,"7":7,"8":6,"9":1,"10":5,"11":1,"12":4,"13":4,"14":4,"15":4,"16":4,"17":4,"18":4,"19":4,"20":3,"21":3,"22":0},"f":{"0":8},"b":{"0":[1],"1":[1],"2":[1],"3":[4,1],"4":[3]}}
}
